<?xml version="1.0" encoding="UTF-8"?>
<!-- Generated by org.testng.reporters.JUnitXMLReporter -->
<testsuite ignored="0" hostname="TYSS-Chaithra" failures="1" tests="2" name="Test" time="55.111" errors="0" timestamp="2023-07-27T20:42:30 IST">
  <testcase classname="vtiger.ContactsTests.CreateContactWithOrganisationTest" name="createContactWithOrgTest" time="24.668">
    <failure type="java.lang.AssertionError" message="null">
      <![CDATA[java.lang.AssertionError: null
at vtiger.ContactsTests.CreateContactWithOrganisationTest.createContactWithOrgTest(CreateContactWithOrganisationTest.java:70)
at java.base/java.util.ArrayList.forEach(ArrayList.java:1541)
... Removed 29 stack frames]]>
    </failure>
  </testcase> <!-- createContactWithOrgTest -->
  <testcase classname="vtiger.ContactsTests.CreateContactWithOrganisationTest" name="demotest" time="0.004"/>
</testsuite> <!-- Test -->
