<?xml version="1.0" encoding="UTF-8"?>
<testng-results ignored="0" total="1" passed="1" failed="0" skipped="0">
  <reporter-output>
  </reporter-output>
  <suite started-at="2023-08-01T19:58:25 IST" name="Default suite" finished-at="2023-08-01T19:58:25 IST" duration-ms="40">
    <groups>
    </groups>
    <test started-at="2023-08-01T19:58:25 IST" name="Default test" finished-at="2023-08-01T19:58:25 IST" duration-ms="40">
      <class name="vtiger.Practice.ReadDataFromCmdLineTest">
        <test-method signature="read()[pri:0, instance:vtiger.Practice.ReadDataFromCmdLineTest@6cd28fa7]" started-at="2023-08-01T19:58:25 IST" name="read" finished-at="2023-08-01T19:58:25 IST" duration-ms="11" status="PASS">
          <reporter-output>
          </reporter-output>
        </test-method> <!-- read -->
      </class> <!-- vtiger.Practice.ReadDataFromCmdLineTest -->
    </test> <!-- Default test -->
  </suite> <!-- Default suite -->
</testng-results>
